<?xml version="1.0" encoding="UTF-8"?>
<testng-results ignored="0" total="0" passed="0" failed="0" skipped="0">
  <reporter-output>
  </reporter-output>
  <suite started-at="2020-05-31T14:46:41 MSK" name="Surefire suite" finished-at="2020-05-31T14:46:42 MSK" duration-ms="421">
    <groups>
    </groups>
    <test started-at="2020-05-31T14:46:41 MSK" name="Surefire test" finished-at="2020-05-31T14:46:42 MSK" duration-ms="421">
    </test> <!-- Surefire test -->
  </suite> <!-- Surefire suite -->
</testng-results>
